<?xml version="1.0" encoding="UTF-8"?>
<!-- Generated by org.testng.reporters.JUnitReportReporter -->
<testsuite hostname="2JMWDX3" failures="0" tests="1" name="com.celsior.sampleproject.testscripts.Rahul" time="16.918" errors="0" timestamp="2025-01-29T09:55:10 IST" skipped="0">
  <testcase classname="com.celsior.sampleproject.testscripts.Rahul" name="example" time="16.918"/>
</testsuite> <!-- com.celsior.sampleproject.testscripts.Rahul -->
